2025-08-01 14:40:53,593 [INFO] Training models (seed=0)
2025-08-01 14:42:38,585 [INFO] ✅ Evaluation complete
2025-08-01 14:42:38,645 [INFO] Training models (seed=0)
2025-08-01 14:44:12,774 [INFO] ✅ Evaluation complete
2025-08-01 14:44:12,795 [INFO] Training models (seed=0)
2025-08-01 14:45:19,257 [INFO] ✅ Evaluation complete
2025-08-01 14:45:19,293 [INFO] Training models (seed=0)
2025-08-01 14:46:55,074 [INFO] ✅ Evaluation complete
2025-08-01 14:46:55,099 [INFO] Training models (seed=0)
2025-08-01 14:48:30,420 [INFO] ✅ Evaluation complete
2025-08-01 14:48:30,492 [INFO] Training models (seed=0)
2025-08-01 14:50:44,473 [INFO] ✅ Evaluation complete
2025-08-01 14:50:44,515 [INFO] Training models (seed=0)
2025-08-01 14:52:57,618 [INFO] ✅ Evaluation complete
2025-08-01 14:52:57,639 [INFO] Training models (seed=0)
2025-08-01 14:54:19,271 [INFO] ✅ Evaluation complete
2025-08-01 14:54:19,309 [INFO] Training models (seed=0)
2025-08-01 14:55:57,011 [INFO] ✅ Evaluation complete
2025-08-01 14:55:57,031 [INFO] Training models (seed=0)
2025-08-01 14:57:54,531 [INFO] ✅ Evaluation complete
2025-08-01 14:57:54,604 [INFO] Training models (seed=0)
2025-08-01 14:59:57,801 [INFO] ✅ Evaluation complete
2025-08-01 14:59:57,847 [INFO] Training models (seed=0)
2025-08-01 15:03:06,279 [INFO] ✅ Evaluation complete
2025-08-01 15:03:06,304 [INFO] Training models (seed=0)
2025-08-01 15:04:38,692 [INFO] ✅ Evaluation complete
2025-08-01 15:04:38,730 [INFO] Training models (seed=0)
2025-08-01 15:06:11,020 [INFO] ✅ Evaluation complete
2025-08-01 15:06:11,041 [INFO] Training models (seed=0)
2025-08-01 15:08:37,772 [INFO] ✅ Evaluation complete
2025-08-01 15:08:37,847 [INFO] Training models (seed=0)
2025-08-01 15:11:35,601 [INFO] ✅ Evaluation complete
2025-08-01 15:11:35,647 [INFO] Training models (seed=0)
2025-08-01 15:14:18,511 [INFO] ✅ Evaluation complete
2025-08-01 15:14:18,533 [INFO] Training models (seed=0)
2025-08-01 15:16:22,082 [INFO] ✅ Evaluation complete
2025-08-01 15:16:22,129 [INFO] Training models (seed=0)
2025-08-01 15:19:07,227 [INFO] ✅ Evaluation complete
2025-08-01 15:19:07,249 [INFO] Training models (seed=0)
2025-08-01 15:22:18,893 [INFO] ✅ Evaluation complete
2025-08-01 15:22:18,967 [INFO] Training models (seed=0)
2025-08-01 15:26:24,651 [INFO] ✅ Evaluation complete
2025-08-01 15:26:24,699 [INFO] Training models (seed=0)
2025-08-01 15:31:36,851 [INFO] ✅ Evaluation complete
2025-08-01 15:31:36,873 [INFO] Training models (seed=0)
2025-08-01 15:35:07,841 [INFO] ✅ Evaluation complete
2025-08-01 15:35:07,883 [INFO] Training models (seed=0)
2025-08-01 15:37:56,248 [INFO] ✅ Evaluation complete
2025-08-01 15:37:56,288 [INFO] Training models (seed=0)
2025-08-01 15:42:21,772 [INFO] ✅ Evaluation complete
2025-08-01 15:42:21,850 [INFO] Training models (seed=0)
2025-08-01 15:49:36,862 [INFO] ✅ Evaluation complete
2025-08-01 15:49:36,912 [INFO] Training models (seed=0)
2025-08-01 15:57:49,543 [INFO] ✅ Evaluation complete
2025-08-01 15:57:49,565 [INFO] Training models (seed=0)
2025-08-01 16:01:55,524 [INFO] ✅ Evaluation complete
2025-08-01 16:01:55,575 [INFO] Training models (seed=0)
2025-08-01 16:07:10,539 [INFO] ✅ Evaluation complete
2025-08-01 16:07:10,567 [INFO] Training models (seed=0)
2025-08-01 16:16:23,331 [INFO] ✅ Evaluation complete
2025-08-01 16:16:23,431 [INFO] Training models (seed=0)
2025-08-01 16:32:12,804 [INFO] ✅ Evaluation complete
2025-08-01 16:32:12,864 [INFO] Training models (seed=0)
2025-08-01 16:49:18,297 [INFO] ✅ Evaluation complete
2025-08-01 16:49:18,320 [INFO] Training models (seed=0)
2025-08-01 17:00:26,072 [INFO] ✅ Evaluation complete
2025-08-01 17:00:26,110 [INFO] Training models (seed=0)
2025-08-01 17:10:36,307 [INFO] ✅ Evaluation complete
2025-08-01 17:10:36,342 [INFO] Training models (seed=0)
2025-08-01 17:27:55,242 [INFO] ✅ Evaluation complete
2025-08-01 20:03:58,757 [INFO] Training models (seed=0)
2025-08-01 20:05:55,508 [INFO] Training models (seed=0)
2025-08-01 20:05:55,976 [INFO] Training models (seed=1)
2025-08-01 20:05:56,476 [INFO] Training models (seed=2)
2025-08-01 20:06:03,122 [INFO] ✅ Evaluation complete
2025-08-01 20:06:03,124 [INFO] Training models (seed=0)
2025-08-01 20:07:16,252 [INFO] Training models (seed=1)
2025-08-01 20:08:27,876 [INFO] Training models (seed=2)
2025-08-01 20:27:23,069 [INFO] ✅ Evaluation complete
2025-08-01 20:27:23,073 [INFO] Training models (seed=0)
2025-08-01 20:27:27,514 [INFO] MiniRocket: threshold tuned to 0.01
2025-08-01 20:27:27,516 [INFO] Training models (seed=1)
2025-08-01 20:27:28,052 [INFO] Training models (seed=2)
2025-08-01 20:27:34,842 [INFO] ✅ Evaluation complete
2025-08-01 20:27:34,844 [INFO] Training models (seed=0)
2025-08-01 20:27:55,807 [INFO] ExtraTrees: threshold tuned to 0.48
2025-08-01 20:29:37,472 [INFO] Catch22: threshold tuned to 0.52
2025-08-01 20:34:53,582 [INFO] QUANT: threshold tuned to 0.53
2025-08-01 20:34:53,584 [INFO] Training models (seed=1)
2025-08-01 20:36:04,856 [INFO] Training models (seed=2)
2025-08-01 20:55:02,187 [INFO] ✅ Evaluation complete
